{
  "RSpec": {
    "coverage": {
      "/Users/Josh/turing/projects/MentorShip-API/app/helpers/application_helper.rb": [
        1,
        null
      ],
      "/Users/Josh/turing/projects/MentorShip-API/app/models/cohort.rb": [
        1,
        1,
        null
      ],
      "/Users/Josh/turing/projects/MentorShip-API/app/models/application_record.rb": [
        1,
        1,
        null
      ],
      "/Users/Josh/turing/projects/MentorShip-API/app/models/mentor.rb": [
        1,
        1,
        1,
        null,
        1,
        null
      ],
      "/Users/Josh/turing/projects/MentorShip-API/app/models/student.rb": [
        1,
        1,
        1,
        null,
        1,
        null
      ],
      "/Users/Josh/turing/projects/MentorShip-API/app/models/timezone.rb": [
        1,
        1,
        null
      ],
      "/Users/Josh/turing/projects/MentorShip-API/app/models/user.rb": [
        1,
        1,
        1,
        null
      ],
      "/Users/Josh/turing/projects/MentorShip-API/app/controllers/api/v1/mentors_controller.rb": [
        1,
        1,
        2,
        null,
        null,
        1,
        1,
        null,
        null
      ],
      "/Users/Josh/turing/projects/MentorShip-API/app/controllers/api/v1/base_controller.rb": [
        1,
        1,
        null
      ],
      "/Users/Josh/turing/projects/MentorShip-API/app/controllers/application_controller.rb": [
        1,
        null,
        null,
        1,
        null
      ],
      "/Users/Josh/turing/projects/MentorShip-API/app/controllers/api/v1/students_controller.rb": [
        1,
        1,
        2,
        null,
        null,
        1,
        1,
        null,
        null
      ]
    },
    "timestamp": 1469153250
  }
}
